This is pdfTeX, Version 3.14159265-2.6-1.40.19 (MiKTeX 2.9.6930 64-bit) (preloaded format=pdflatex 2019.1.26)  24 FEB 2019 18:53
entering extended mode
**./Synopsis.tex
(Synopsis.tex
LaTeX2e <2018-12-01>
("C:\Users\Dhruv\AppData\Local\Programs\MiKTeX 2.9\tex/latex/base\article.cls"
Document Class: article 2018/09/03 v1.4i Standard LaTeX document class
("C:\Users\Dhruv\AppData\Local\Programs\MiKTeX 2.9\tex/latex/base\size10.clo"
File: size10.clo 2018/09/03 v1.4i Standard LaTeX file (size option)
)
\c@part=\count80
\c@section=\count81
\c@subsection=\count82
\c@subsubsection=\count83
\c@paragraph=\count84
\c@subparagraph=\count85
\c@figure=\count86
\c@table=\count87
\abovecaptionskip=\skip41
\belowcaptionskip=\skip42
\bibindent=\dimen102
)
("C:\Users\Dhruv\AppData\Local\Programs\MiKTeX 2.9\tex/latex/geometry\geometry.
sty"
Package: geometry 2018/04/16 v5.8 Page Geometry

("C:\Users\Dhruv\AppData\Local\Programs\MiKTeX 2.9\tex/latex/graphics\keyval.st
y"
Package: keyval 2014/10/28 v1.15 key=value parser (DPC)
\KV@toks@=\toks14
)
("C:\Users\Dhruv\AppData\Local\Programs\MiKTeX 2.9\tex/generic/oberdiek\ifpdf.s
ty"
Package: ifpdf 2018/09/07 v3.3 Provides the ifpdf switch
)
("C:\Users\Dhruv\AppData\Local\Programs\MiKTeX 2.9\tex/generic/oberdiek\ifvtex.
sty"
Package: ifvtex 2016/05/16 v1.6 Detect VTeX and its facilities (HO)
Package ifvtex Info: VTeX not detected.
)
("C:\Users\Dhruv\AppData\Local\Programs\MiKTeX 2.9\tex/generic/ifxetex\ifxetex.
sty"
Package: ifxetex 2010/09/12 v0.6 Provides ifxetex conditional
)
\Gm@cnth=\count88
\Gm@cntv=\count89
\c@Gm@tempcnt=\count90
\Gm@bindingoffset=\dimen103
\Gm@wd@mp=\dimen104
\Gm@odd@mp=\dimen105
\Gm@even@mp=\dimen106
\Gm@layoutwidth=\dimen107
\Gm@layoutheight=\dimen108
\Gm@layouthoffset=\dimen109
\Gm@layoutvoffset=\dimen110
\Gm@dimlist=\toks15

("C:\Users\Dhruv\AppData\Local\Programs\MiKTeX 2.9\tex/latex/geometry\geometry.
cfg"))
("C:\Users\Dhruv\AppData\Local\Programs\MiKTeX 2.9\tex/latex/graphics\lscape.st
y"
Package: lscape 2000/10/22 v3.01 Landscape Pages (DPC)

("C:\Users\Dhruv\AppData\Local\Programs\MiKTeX 2.9\tex/latex/graphics\graphics.
sty"
Package: graphics 2017/06/25 v1.2c Standard LaTeX Graphics (DPC,SPQR)

("C:\Users\Dhruv\AppData\Local\Programs\MiKTeX 2.9\tex/latex/graphics\trig.sty"
Package: trig 2016/01/03 v1.10 sin cos tan (DPC)
)
("C:\Users\Dhruv\AppData\Local\Programs\MiKTeX 2.9\tex/latex/graphics-cfg\graph
ics.cfg"
File: graphics.cfg 2016/06/04 v1.11 sample graphics configuration
)
Package graphics Info: Driver file: pdftex.def on input line 99.

("C:\Users\Dhruv\AppData\Local\Programs\MiKTeX 2.9\tex/latex/graphics-def\pdfte
x.def"
File: pdftex.def 2018/01/08 v1.0l Graphics/color driver for pdftex
)))
("C:\Users\Dhruv\AppData\Local\Programs\MiKTeX 2.9\tex/latex/base\inputenc.sty"
Package: inputenc 2018/08/11 v1.3c Input encoding file
\inpenc@prehook=\toks16
\inpenc@posthook=\toks17
("C:\Users\Dhruv\AppData\Local\Programs\MiKTeX 2.9\tex/latex/base\latin1.def"
File: latin1.def 2018/08/11 v1.3c Input encoding file
))
("C:\Users\Dhruv\AppData\Local\Programs\MiKTeX 2.9\tex/latex/psnfss\palatino.st
y"
Package: palatino 2005/04/12 PSNFSS-v9.2a (SPQR) 
)
("C:\Users\Dhruv\AppData\Local\Programs\MiKTeX 2.9\tex/latex/graphics\color.sty
"
Package: color 2016/07/10 v1.1e Standard LaTeX Color (DPC)

("C:\Users\Dhruv\AppData\Local\Programs\MiKTeX 2.9\tex/latex/graphics-cfg\color
.cfg"
File: color.cfg 2016/01/02 v1.6 sample color configuration
)
Package color Info: Driver file: pdftex.def on input line 147.
)
("C:\Users\Dhruv\AppData\Local\Programs\MiKTeX 2.9\tex/latex/lipsum\lipsum.sty"
("C:\Users\Dhruv\AppData\Local\Programs\MiKTeX 2.9\tex/latex/l3kernel\expl3.sty
"
Package: expl3 2019-01-28 L3 programming layer (loader) 

("C:\Users\Dhruv\AppData\Local\Programs\MiKTeX 2.9\tex/latex/l3kernel\expl3-cod
e.tex"
Package: expl3 2019-01-28 L3 programming layer (code)
\c_max_int=\count91
\l_tmpa_int=\count92
\l_tmpb_int=\count93
\g_tmpa_int=\count94
\g_tmpb_int=\count95
\g__kernel_prg_map_int=\count96
\c_log_iow=\count97
\l_iow_line_count_int=\count98
\l__iow_line_target_int=\count99
\l__iow_one_indent_int=\count100
\l__iow_indent_int=\count101
\c_zero_dim=\dimen111
\c_max_dim=\dimen112
\l_tmpa_dim=\dimen113
\l_tmpb_dim=\dimen114
\g_tmpa_dim=\dimen115
\g_tmpb_dim=\dimen116
\c_zero_skip=\skip43
\c_max_skip=\skip44
\l_tmpa_skip=\skip45
\l_tmpb_skip=\skip46
\g_tmpa_skip=\skip47
\g_tmpb_skip=\skip48
\c_zero_muskip=\muskip10
\c_max_muskip=\muskip11
\l_tmpa_muskip=\muskip12
\l_tmpb_muskip=\muskip13
\g_tmpa_muskip=\muskip14
\g_tmpb_muskip=\muskip15
\l_keys_choice_int=\count102
\l__intarray_loop_int=\count103
\c__intarray_sp_dim=\dimen117
\g__intarray_font_int=\count104
\c__fp_leading_shift_int=\count105
\c__fp_middle_shift_int=\count106
\c__fp_trailing_shift_int=\count107
\c__fp_big_leading_shift_int=\count108
\c__fp_big_middle_shift_int=\count109
\c__fp_big_trailing_shift_int=\count110
\c__fp_Bigg_leading_shift_int=\count111
\c__fp_Bigg_middle_shift_int=\count112
\c__fp_Bigg_trailing_shift_int=\count113
\c__kernel_randint_max_int=\count114
\g__fp_array_int=\count115
\l__fp_array_loop_int=\count116
\l__sort_length_int=\count117
\l__sort_min_int=\count118
\l__sort_top_int=\count119
\l__sort_max_int=\count120
\l__sort_true_max_int=\count121
\l__sort_block_int=\count122
\l__sort_begin_int=\count123
\l__sort_end_int=\count124
\l__sort_A_int=\count125
\l__sort_B_int=\count126
\l__sort_C_int=\count127
\l__tl_analysis_normal_int=\count128
\l__tl_analysis_index_int=\count129
\l__tl_analysis_nesting_int=\count130
\l__tl_analysis_type_int=\count131
\l__regex_internal_a_int=\count132
\l__regex_internal_b_int=\count133
\l__regex_internal_c_int=\count134
\l__regex_balance_int=\count135
\l__regex_group_level_int=\count136
\l__regex_mode_int=\count137
\c__regex_cs_in_class_mode_int=\count138
\c__regex_cs_mode_int=\count139
\l__regex_catcodes_int=\count140
\l__regex_default_catcodes_int=\count141
\c__regex_catcode_D_int=\count142
\c__regex_catcode_S_int=\count143
\c__regex_catcode_L_int=\count144
\c__regex_catcode_O_int=\count145
\c__regex_catcode_A_int=\count146
\c__regex_all_catcodes_int=\count147
\l__regex_show_lines_int=\count148
\l__regex_min_state_int=\count149
\l__regex_max_state_int=\count150
\l__regex_left_state_int=\count151
\l__regex_right_state_int=\count152
\l__regex_capturing_group_int=\count153
\l__regex_min_pos_int=\count154
\l__regex_max_pos_int=\count155
\l__regex_curr_pos_int=\count156
\l__regex_start_pos_int=\count157
\l__regex_success_pos_int=\count158
\l__regex_curr_char_int=\count159
\l__regex_curr_catcode_int=\count160
\l__regex_last_char_int=\count161
\l__regex_case_changed_char_int=\count162
\l__regex_curr_state_int=\count163
\l__regex_step_int=\count164
\l__regex_min_active_int=\count165
\l__regex_max_active_int=\count166
\l__regex_replacement_csnames_int=\count167
\l__regex_match_count_int=\count168
\l__regex_min_submatch_int=\count169
\l__regex_submatch_int=\count170
\l__regex_zeroth_submatch_int=\count171
\g__regex_trace_regex_int=\count172
\c_empty_box=\box27
\l_tmpa_box=\box28
\l_tmpb_box=\box29
\g_tmpa_box=\box30
\g_tmpb_box=\box31
\l__box_top_dim=\dimen118
\l__box_bottom_dim=\dimen119
\l__box_left_dim=\dimen120
\l__box_right_dim=\dimen121
\l__box_top_new_dim=\dimen122
\l__box_bottom_new_dim=\dimen123
\l__box_left_new_dim=\dimen124
\l__box_right_new_dim=\dimen125
\l__box_internal_box=\box32
\l__coffin_internal_box=\box33
\l__coffin_internal_dim=\dimen126
\l__coffin_offset_x_dim=\dimen127
\l__coffin_offset_y_dim=\dimen128
\l__coffin_x_dim=\dimen129
\l__coffin_y_dim=\dimen130
\l__coffin_x_prime_dim=\dimen131
\l__coffin_y_prime_dim=\dimen132
\c_empty_coffin=\box34
\l__coffin_aligned_coffin=\box35
\l__coffin_aligned_internal_coffin=\box36
\l_tmpa_coffin=\box37
\l_tmpb_coffin=\box38
\g_tmpa_coffin=\box39
\g_tmpb_coffin=\box40
\c__coffin_empty_coffin=\box41
\l__coffin_display_coffin=\box42
\l__coffin_display_coord_coffin=\box43
\l__coffin_display_pole_coffin=\box44
\l__coffin_display_offset_dim=\dimen133
\l__coffin_display_x_dim=\dimen134
\l__coffin_display_y_dim=\dimen135
\g__file_internal_ior=\read1
\l__coffin_bounding_shift_dim=\dimen136
\l__coffin_left_corner_dim=\dimen137
\l__coffin_right_corner_dim=\dimen138
\l__coffin_bottom_corner_dim=\dimen139
\l__coffin_top_corner_dim=\dimen140
\l__coffin_scaled_total_height_dim=\dimen141
\l__coffin_scaled_width_dim=\dimen142
\l__seq_internal_a_int=\count173
\l__seq_internal_b_int=\count174
)
("C:\Users\Dhruv\AppData\Local\Programs\MiKTeX 2.9\tex/latex/l3kernel\l3pdfmode
.def"
File: l3pdfmode.def 2019-01-28 v L3 Experimental driver: PDF mode
\l__driver_color_stack_int=\count175
))
("C:\Users\Dhruv\AppData\Local\Programs\MiKTeX 2.9\tex/latex/l3packages/xparse\
xparse.sty"
Package: xparse 2018-10-17 L3 Experimental document command parser
\l__xparse_current_arg_int=\count176
\g__xparse_grabber_int=\count177
\l__xparse_m_args_int=\count178
\l__xparse_mandatory_args_int=\count179
\l__xparse_v_nesting_int=\count180
)
Package: lipsum 2019/01/02 v2.2 150 paragraphs of Lorem Ipsum dummy text

("C:\Users\Dhruv\AppData\Local\Programs\MiKTeX 2.9\tex/latex/lipsum\lipsum.ltd.
tex"
File: lipsum.ltd.tex 2019/01/02 v2.2 The Lorem ipsum dummy text
))
("C:\Users\Dhruv\AppData\Local\Programs\MiKTeX 2.9\tex/latex/graphics\rotating.
sty"
Package: rotating 2016/08/11 v2.16d rotated objects in LaTeX

("C:\Users\Dhruv\AppData\Local\Programs\MiKTeX 2.9\tex/latex/graphics\graphicx.
sty"
Package: graphicx 2017/06/01 v1.1a Enhanced LaTeX Graphics (DPC,SPQR)
\Gin@req@height=\dimen143
\Gin@req@width=\dimen144
)
("C:\Users\Dhruv\AppData\Local\Programs\MiKTeX 2.9\tex/latex/base\ifthen.sty"
Package: ifthen 2014/09/29 v1.1c Standard LaTeX ifthen package (DPC)
)
\c@r@tfl@t=\count181
\rotFPtop=\skip49
\rotFPbot=\skip50
\rot@float@box=\box45
\rot@mess@toks=\toks18
) ("C:\Users\Dhruv\AppData\Local\Programs\MiKTeX 2.9\tex/latex/tools\tabularx.s
ty"
Package: tabularx 2016/02/03 v2.11b `tabularx' package (DPC)
 ("C:\Users\Dhruv\AppData\Local\Programs\MiKTeX 2.9\tex/latex/tools\array.sty"
Package: array 2018/11/13 v2.4j Tabular extension package (FMi)
\col@sep=\dimen145
\ar@mcellbox=\box46
\extrarowheight=\dimen146
\NC@list=\toks19
\extratabsurround=\skip51
\backup@length=\skip52
\ar@cellbox=\box47
)
\TX@col@width=\dimen147
\TX@old@table=\dimen148
\TX@old@col=\dimen149
\TX@target=\dimen150
\TX@delta=\dimen151
\TX@cols=\count182
\TX@ftn=\toks20
)
("C:\Users\Dhruv\AppData\Local\Programs\MiKTeX 2.9\tex/latex/hyperref\hyperref.
sty"
Package: hyperref 2018/11/30 v6.88e Hypertext links for LaTeX

("C:\Users\Dhruv\AppData\Local\Programs\MiKTeX 2.9\tex/generic/oberdiek\hobsub-
hyperref.sty"
Package: hobsub-hyperref 2016/05/16 v1.14 Bundle oberdiek, subset hyperref (HO)


("C:\Users\Dhruv\AppData\Local\Programs\MiKTeX 2.9\tex/generic/oberdiek\hobsub-
generic.sty"
Package: hobsub-generic 2016/05/16 v1.14 Bundle oberdiek, subset generic (HO)
Package: hobsub 2016/05/16 v1.14 Construct package bundles (HO)
Package: infwarerr 2016/05/16 v1.4 Providing info/warning/error messages (HO)
Package: ltxcmds 2016/05/16 v1.23 LaTeX kernel commands for general use (HO)
Package: ifluatex 2016/05/16 v1.4 Provides the ifluatex switch (HO)
Package ifluatex Info: LuaTeX not detected.
Package hobsub Info: Skipping package `ifvtex' (already loaded).
Package: intcalc 2016/05/16 v1.2 Expandable calculations with integers (HO)
Package hobsub Info: Skipping package `ifpdf' (already loaded).
Package: etexcmds 2016/05/16 v1.6 Avoid name clashes with e-TeX commands (HO)
Package: kvsetkeys 2016/05/16 v1.17 Key value parser (HO)
Package: kvdefinekeys 2016/05/16 v1.4 Define keys (HO)
Package: pdftexcmds 2018/09/10 v0.29 Utility functions of pdfTeX for LuaTeX (HO
)
Package pdftexcmds Info: LuaTeX not detected.
Package pdftexcmds Info: \pdf@primitive is available.
Package pdftexcmds Info: \pdf@ifprimitive is available.
Package pdftexcmds Info: \pdfdraftmode found.
Package: pdfescape 2016/05/16 v1.14 Implements pdfTeX's escape features (HO)
Package: bigintcalc 2016/05/16 v1.4 Expandable calculations on big integers (HO
)
Package: bitset 2016/05/16 v1.2 Handle bit-vector datatype (HO)
Package: uniquecounter 2016/05/16 v1.3 Provide unlimited unique counter (HO)
)
Package hobsub Info: Skipping package `hobsub' (already loaded).
Package: letltxmacro 2016/05/16 v1.5 Let assignment for LaTeX macros (HO)
Package: hopatch 2016/05/16 v1.3 Wrapper for package hooks (HO)
Package: xcolor-patch 2016/05/16 xcolor patch
Package: atveryend 2016/05/16 v1.9 Hooks at the very end of document (HO)
Package atveryend Info: \enddocument detected (standard20110627).
Package: atbegshi 2016/06/09 v1.18 At begin shipout hook (HO)
Package: refcount 2016/05/16 v3.5 Data extraction from label references (HO)
Package: hycolor 2016/05/16 v1.8 Color options for hyperref/bookmark (HO)
)
("C:\Users\Dhruv\AppData\Local\Programs\MiKTeX 2.9\tex/latex/oberdiek\auxhook.s
ty"
Package: auxhook 2016/05/16 v1.4 Hooks for auxiliary files (HO)
)
("C:\Users\Dhruv\AppData\Local\Programs\MiKTeX 2.9\tex/latex/oberdiek\kvoptions
.sty"
Package: kvoptions 2016/05/16 v3.12 Key value format for package options (HO)
)
\@linkdim=\dimen152
\Hy@linkcounter=\count183
\Hy@pagecounter=\count184

("C:\Users\Dhruv\AppData\Local\Programs\MiKTeX 2.9\tex/latex/hyperref\pd1enc.de
f"
File: pd1enc.def 2018/11/30 v6.88e Hyperref: PDFDocEncoding definition (HO)
Now handling font encoding PD1 ...
... no UTF-8 mapping file for font encoding PD1
)
\Hy@SavedSpaceFactor=\count185

("C:\Users\Dhruv\AppData\Local\Programs\MiKTeX 2.9\tex/latex/00miktex\hyperref.
cfg"
File: hyperref.cfg 2002/06/06 v1.2 hyperref configuration of TeXLive
)
Package hyperref Info: Hyper figures OFF on input line 4519.
Package hyperref Info: Link nesting OFF on input line 4524.
Package hyperref Info: Hyper index ON on input line 4527.
Package hyperref Info: Plain pages OFF on input line 4534.
Package hyperref Info: Backreferencing OFF on input line 4539.
Package hyperref Info: Implicit mode ON; LaTeX internals redefined.
Package hyperref Info: Bookmarks ON on input line 4772.
\c@Hy@tempcnt=\count186
 ("C:\Users\Dhruv\AppData\Local\Programs\MiKTeX 2.9\tex/latex/url\url.sty"
\Urlmuskip=\muskip16
Package: url 2013/09/16  ver 3.4  Verb mode for urls, etc.
)
LaTeX Info: Redefining \url on input line 5125.
\XeTeXLinkMargin=\dimen153
\Fld@menulength=\count187
\Field@Width=\dimen154
\Fld@charsize=\dimen155
Package hyperref Info: Hyper figures OFF on input line 6380.
Package hyperref Info: Link nesting OFF on input line 6385.
Package hyperref Info: Hyper index ON on input line 6388.
Package hyperref Info: backreferencing OFF on input line 6395.
Package hyperref Info: Link coloring OFF on input line 6400.
Package hyperref Info: Link coloring with OCG OFF on input line 6405.
Package hyperref Info: PDF/A mode OFF on input line 6410.
LaTeX Info: Redefining \ref on input line 6450.
LaTeX Info: Redefining \pageref on input line 6454.
\Hy@abspage=\count188
\c@Item=\count189
\c@Hfootnote=\count190
)
Package hyperref Info: Driver (autodetected): hpdftex.

("C:\Users\Dhruv\AppData\Local\Programs\MiKTeX 2.9\tex/latex/hyperref\hpdftex.d
ef"
File: hpdftex.def 2018/11/30 v6.88e Hyperref driver for pdfTeX
\Fld@listcount=\count191
\c@bookmark@seq@number=\count192

("C:\Users\Dhruv\AppData\Local\Programs\MiKTeX 2.9\tex/latex/oberdiek\rerunfile
check.sty"
Package: rerunfilecheck 2016/05/16 v1.8 Rerun checks for auxiliary files (HO)
Package uniquecounter Info: New unique counter `rerunfilecheck' on input line 2
82.
)
\Hy@SectionHShift=\skip53
)
("C:\Users\Dhruv\AppData\Local\Programs\MiKTeX 2.9\tex/latex/biblatex\biblatex.
sty"
Package: biblatex 2018/11/02 v3.12 programmable bibliographies (PK/MW)

("C:\Users\Dhruv\AppData\Local\Programs\MiKTeX 2.9\tex/latex/etoolbox\etoolbox.
sty"
Package: etoolbox 2018/08/19 v2.5f e-TeX tools for LaTeX (JAW)
\etb@tempcnta=\count193
)
("C:\Users\Dhruv\AppData\Local\Programs\MiKTeX 2.9\tex/latex/logreq\logreq.sty"
Package: logreq 2010/08/04 v1.0 xml request logger
\lrq@indent=\count194
("C:\Users\Dhruv\AppData\Local\Programs\MiKTeX 2.9\tex/latex/logreq\logreq.def"
File: logreq.def 2010/08/04 v1.0 logreq spec v1.0
))
\c@tabx@nest=\count195
\c@listtotal=\count196
\c@listcount=\count197
\c@liststart=\count198
\c@liststop=\count199
\c@citecount=\count266
\c@citetotal=\count267
\c@multicitecount=\count268
\c@multicitetotal=\count269
\c@instcount=\count270
\c@maxnames=\count271
\c@minnames=\count272
\c@maxitems=\count273
\c@minitems=\count274
\c@citecounter=\count275
\c@maxcitecounter=\count276
\c@savedcitecounter=\count277
\c@uniquelist=\count278
\c@uniquename=\count279
\c@refsection=\count280
\c@refsegment=\count281
\c@maxextratitle=\count282
\c@maxextratitleyear=\count283
\c@maxextraname=\count284
\c@maxextradate=\count285
\c@maxextraalpha=\count286
\c@abbrvpenalty=\count287
\c@highnamepenalty=\count288
\c@lownamepenalty=\count289
\c@maxparens=\count290
\c@parenlevel=\count291
\blx@tempcnta=\count292
\blx@tempcntb=\count293
\blx@tempcntc=\count294
\blx@maxsection=\count295
\blx@maxsegment@0=\count296
\blx@notetype=\count297
\blx@parenlevel@text=\count298
\blx@parenlevel@foot=\count299
\blx@sectionciteorder@0=\count300
\blx@entrysetcounter=\count301
\labelnumberwidth=\skip54
\labelalphawidth=\skip55
\biblabelsep=\skip56
\bibitemsep=\skip57
\bibnamesep=\skip58
\bibinitsep=\skip59
\bibparsep=\skip60
\bibhang=\skip61
\blx@bcfin=\read2
\blx@bcfout=\write3
\c@mincomprange=\count302
\c@maxcomprange=\count303
\c@mincompwidth=\count304
Package biblatex Info: Trying to load biblatex default data model...
Package biblatex Info: ... file 'blx-dm.def' found.

("C:\Users\Dhruv\AppData\Local\Programs\MiKTeX 2.9\tex/latex/biblatex\blx-dm.de
f"
File: blx-dm.def 2018/11/02 v3.12 biblatex localization (PK/MW)
)
Package biblatex Info: Trying to load biblatex custom data model...
Package biblatex Info: ... file 'biblatex-dm.cfg' not found.
\c@afterword=\count305
\c@savedafterword=\count306
\c@annotator=\count307
\c@savedannotator=\count308
\c@author=\count309
\c@savedauthor=\count310
\c@bookauthor=\count311
\c@savedbookauthor=\count312
\c@commentator=\count313
\c@savedcommentator=\count314
\c@editor=\count315
\c@savededitor=\count316
\c@editora=\count317
\c@savededitora=\count318
\c@editorb=\count319
\c@savededitorb=\count320
\c@editorc=\count321
\c@savededitorc=\count322
\c@foreword=\count323
\c@savedforeword=\count324
\c@holder=\count325
\c@savedholder=\count326
\c@introduction=\count327
\c@savedintroduction=\count328
\c@namea=\count329
\c@savednamea=\count330
\c@nameb=\count331
\c@savednameb=\count332
\c@namec=\count333
\c@savednamec=\count334
\c@translator=\count335
\c@savedtranslator=\count336
\c@shortauthor=\count337
\c@savedshortauthor=\count338
\c@shorteditor=\count339
\c@savedshorteditor=\count340
\c@labelname=\count341
\c@savedlabelname=\count342
\c@institution=\count343
\c@savedinstitution=\count344
\c@lista=\count345
\c@savedlista=\count346
\c@listb=\count347
\c@savedlistb=\count348
\c@listc=\count349
\c@savedlistc=\count350
\c@listd=\count351
\c@savedlistd=\count352
\c@liste=\count353
\c@savedliste=\count354
\c@listf=\count355
\c@savedlistf=\count356
\c@location=\count357
\c@savedlocation=\count358
\c@organization=\count359
\c@savedorganization=\count360
\c@origlocation=\count361
\c@savedoriglocation=\count362
\c@origpublisher=\count363
\c@savedorigpublisher=\count364
\c@publisher=\count365
\c@savedpublisher=\count366
\c@language=\count367
\c@savedlanguage=\count368
\c@origlanguage=\count369
\c@savedoriglanguage=\count370
\c@pageref=\count371
\c@savedpageref=\count372
\shorthandwidth=\skip62
\shortjournalwidth=\skip63
\shortserieswidth=\skip64
\shorttitlewidth=\skip65
\shortauthorwidth=\skip66
\shorteditorwidth=\skip67
\locallabelnumberwidth=\skip68
\locallabelalphawidth=\skip69
\localshorthandwidth=\skip70
\localshortjournalwidth=\skip71
\localshortserieswidth=\skip72
\localshorttitlewidth=\skip73
\localshortauthorwidth=\skip74
\localshorteditorwidth=\skip75
Package biblatex Info: Trying to load compatibility code...
Package biblatex Info: ... file 'blx-compat.def' found.

("C:\Users\Dhruv\AppData\Local\Programs\MiKTeX 2.9\tex/latex/biblatex\blx-compa
t.def"
File: blx-compat.def 2018/11/02 v3.12 biblatex compatibility (PK/MW)
)
Package biblatex Info: Trying to load generic definitions...
Package biblatex Info: ... file 'biblatex.def' found.

("C:\Users\Dhruv\AppData\Local\Programs\MiKTeX 2.9\tex/latex/biblatex\biblatex.
def"
File: biblatex.def 2018/11/02 v3.12 biblatex compatibility (PK/MW)
\c@textcitecount=\count373
\c@textcitetotal=\count374
\c@textcitemaxnames=\count375
\c@biburlnumpenalty=\count376
\c@biburlucpenalty=\count377
\c@biburllcpenalty=\count378
\c@smartand=\count379
)
Package biblatex Info: Trying to load bibliography style 'numeric'...
Package biblatex Info: ... file 'numeric.bbx' found.

("C:\Users\Dhruv\AppData\Local\Programs\MiKTeX 2.9\tex/latex/biblatex/bbx\numer
ic.bbx"
File: numeric.bbx 2018/11/02 v3.12 biblatex bibliography style (PK/MW)
Package biblatex Info: Trying to load bibliography style 'standard'...
Package biblatex Info: ... file 'standard.bbx' found.

("C:\Users\Dhruv\AppData\Local\Programs\MiKTeX 2.9\tex/latex/biblatex/bbx\stand
ard.bbx"
File: standard.bbx 2018/11/02 v3.12 biblatex bibliography style (PK/MW)
\c@bbx:relatedcount=\count380
\c@bbx:relatedtotal=\count381
))
Package biblatex Info: Trying to load citation style 'numeric'...
Package biblatex Info: ... file 'numeric.cbx' found.

("C:\Users\Dhruv\AppData\Local\Programs\MiKTeX 2.9\tex/latex/biblatex/cbx\numer
ic.cbx"
File: numeric.cbx 2018/11/02 v3.12 biblatex citation style (PK/MW)
Package biblatex Info: Redefining '\cite'.
Package biblatex Info: Redefining '\parencite'.
Package biblatex Info: Redefining '\footcite'.
Package biblatex Info: Redefining '\footcitetext'.
Package biblatex Info: Redefining '\smartcite'.
Package biblatex Info: Redefining '\supercite'.
Package biblatex Info: Redefining '\textcite'.
Package biblatex Info: Redefining '\textcites'.
Package biblatex Info: Redefining '\cites'.
Package biblatex Info: Redefining '\parencites'.
Package biblatex Info: Redefining '\smartcites'.
)
Package biblatex Info: Trying to load configuration file...
Package biblatex Info: ... file 'biblatex.cfg' found.

("C:\Users\Dhruv\AppData\Local\Programs\MiKTeX 2.9\tex/latex/biblatex\biblatex.
cfg"
File: biblatex.cfg 
))
\definitionbox=\box48
Package biblatex Info: Trying to load language 'english'...
Package biblatex Info: ... file 'english.lbx' found.

("C:\Users\Dhruv\AppData\Local\Programs\MiKTeX 2.9\tex/latex/biblatex/lbx\engli
sh.lbx"
File: english.lbx 2018/11/02 v3.12 biblatex localization (PK/MW)
)
\@quotelevel=\count382
\@quotereset=\count383
 (Synopsis.aux)
\openout1 = `Synopsis.aux'.

LaTeX Font Info:    Checking defaults for OML/cmm/m/it on input line 32.
LaTeX Font Info:    ... okay on input line 32.
LaTeX Font Info:    Checking defaults for T1/cmr/m/n on input line 32.
LaTeX Font Info:    ... okay on input line 32.
LaTeX Font Info:    Checking defaults for OT1/cmr/m/n on input line 32.
LaTeX Font Info:    ... okay on input line 32.
LaTeX Font Info:    Checking defaults for OMS/cmsy/m/n on input line 32.
LaTeX Font Info:    ... okay on input line 32.
LaTeX Font Info:    Checking defaults for OMX/cmex/m/n on input line 32.
LaTeX Font Info:    ... okay on input line 32.
LaTeX Font Info:    Checking defaults for U/cmr/m/n on input line 32.
LaTeX Font Info:    ... okay on input line 32.
LaTeX Font Info:    Checking defaults for PD1/pdf/m/n on input line 32.
LaTeX Font Info:    ... okay on input line 32.
LaTeX Font Info:    Try loading font information for OT1+ppl on input line 32.

("C:\Users\Dhruv\AppData\Local\Programs\MiKTeX 2.9\tex/latex/psnfss\ot1ppl.fd"
File: ot1ppl.fd 2001/06/04 font definitions for OT1/ppl.
)
*geometry* driver: auto-detecting
*geometry* detected driver: pdftex
*geometry* verbose mode - [ preamble ] result:
* driver: pdftex
* paper: a4paper
* layout: <same size as paper>
* layoutoffset:(h,v)=(0.0pt,0.0pt)
* modes: 
* h-part:(L,W,R)=(45.80893pt, 505.89pt, 45.80894pt)
* v-part:(T,H,B)=(48.93872pt, 722.7pt, 73.40813pt)
* \paperwidth=597.50787pt
* \paperheight=845.04684pt
* \textwidth=505.89pt
* \textheight=722.7pt
* \oddsidemargin=-26.46106pt
* \evensidemargin=-26.46106pt
* \topmargin=-60.33127pt
* \headheight=12.0pt
* \headsep=25.0pt
* \topskip=10.0pt
* \footskip=30.0pt
* \marginparwidth=57.0pt
* \marginparsep=11.0pt
* \columnsep=10.0pt
* \skip\footins=9.0pt plus 4.0pt minus 2.0pt
* \hoffset=0.0pt
* \voffset=0.0pt
* \mag=1000
* \@twocolumnfalse
* \@twosidefalse
* \@mparswitchfalse
* \@reversemarginfalse
* (1in=72.27pt=25.4mm, 1cm=28.453pt)


("C:\Users\Dhruv\AppData\Local\Programs\MiKTeX 2.9\tex/context/base\supp-pdf.mk
ii"
[Loading MPS to PDF converter (version 2006.09.02).]
\scratchcounter=\count384
\scratchdimen=\dimen156
\scratchbox=\box49
\nofMPsegments=\count385
\nofMParguments=\count386
\everyMPshowfont=\toks21
\MPscratchCnt=\count387
\MPscratchDim=\dimen157
\MPnumerator=\count388
\makeMPintoPDFobject=\count389
\everyMPtoPDFconversion=\toks22
)
("C:\Users\Dhruv\AppData\Local\Programs\MiKTeX 2.9\tex/latex/oberdiek\epstopdf-
base.sty"
Package: epstopdf-base 2016/05/15 v2.6 Base part for package epstopdf

("C:\Users\Dhruv\AppData\Local\Programs\MiKTeX 2.9\tex/latex/oberdiek\grfext.st
y"
Package: grfext 2016/05/16 v1.2 Manage graphics extensions (HO)
)
Package epstopdf-base Info: Redefining graphics rule for `.eps' on input line 4
38.
Package grfext Info: Graphics extension search list:
(grfext)             [.pdf,.png,.jpg,.mps,.jpeg,.jbig2,.jb2,.PDF,.PNG,.JPG,.JPE
G,.JBIG2,.JB2,.eps]
(grfext)             \AppendGraphicsExtensions on input line 456.
)
\AtBeginShipoutBox=\box50
Package hyperref Info: Link coloring OFF on input line 32.

("C:\Users\Dhruv\AppData\Local\Programs\MiKTeX 2.9\tex/latex/hyperref\nameref.s
ty"
Package: nameref 2016/05/21 v2.44 Cross-referencing by name of section

("C:\Users\Dhruv\AppData\Local\Programs\MiKTeX 2.9\tex/generic/oberdiek\gettitl
estring.sty"
Package: gettitlestring 2016/05/16 v1.5 Cleanup title references (HO)
)
\c@section@level=\count390
)
LaTeX Info: Redefining \ref on input line 32.
LaTeX Info: Redefining \pageref on input line 32.
LaTeX Info: Redefining \nameref on input line 32.
 (Synopsis.out) (Synopsis.out)
\@outlinefile=\write4
\openout4 = `Synopsis.out'.

Package biblatex Info: Input encoding 'latin1' detected.
Package biblatex Info: Automatic encoding selection.
(biblatex)             Assuming data encoding 'latin1'.
\openout3 = `Synopsis.bcf'.

Package biblatex Info: Trying to load bibliographic data...
Package biblatex Info: ... file 'Synopsis.bbl' not found.

No file Synopsis.bbl.
Package biblatex Info: Reference section=0 on input line 32.
Package biblatex Info: Reference segment=0 on input line 32.
LaTeX Font Info:    External font `cmex10' loaded for size
(Font)              <12> on input line 34.
LaTeX Font Info:    External font `cmex10' loaded for size
(Font)              <8> on input line 34.
LaTeX Font Info:    External font `cmex10' loaded for size
(Font)              <6> on input line 34.
LaTeX Font Info:    Font shape `OT1/ppl/bx/n' in size <9> not available
(Font)              Font shape `OT1/ppl/b/n' tried instead on input line 35.
LaTeX Font Info:    Font shape `OT1/ppl/bx/n' in size <14.4> not available
(Font)              Font shape `OT1/ppl/b/n' tried instead on input line 40.

LaTeX Warning: Citation '1' on page 1 undefined on input line 47.

LaTeX Font Info:    Font shape `OT1/ppl/bx/n' in size <10> not available
(Font)              Font shape `OT1/ppl/b/n' tried instead on input line 47.

LaTeX Warning: Citation '2' on page 1 undefined on input line 48.


LaTeX Warning: Citation '4' on page 1 undefined on input line 49.


LaTeX Warning: Citation '5' on page 1 undefined on input line 50.


LaTeX Warning: Citation '6' on page 1 undefined on input line 51.


LaTeX Warning: Citation '7' on page 1 undefined on input line 52.


LaTeX Warning: Citation '8' on page 1 undefined on input line 53.


LaTeX Warning: Citation '9' on page 1 undefined on input line 54.


LaTeX Warning: Citation '10' on page 1 undefined on input line 55.


LaTeX Warning: Citation '11' on page 1 undefined on input line 56.


LaTeX Warning: Citation '12' on page 1 undefined on input line 57.


LaTeX Warning: Citation '13' on page 1 undefined on input line 58.


LaTeX Warning: Citation '14' on page 1 undefined on input line 59.

[1

{C:/Users/Dhruv/AppData/Local/MiKTeX/2.9/pdftex/config/pdftex.map}]
LaTeX Font Info:    External font `cmex10' loaded for size
(Font)              <7> on input line 67.
LaTeX Font Info:    External font `cmex10' loaded for size
(Font)              <5> on input line 67.

Overfull \hbox (2.04352pt too wide) in paragraph at lines 69--69
[]|\OT1/ppl/m/n/10 No.| 
 []


Underfull \hbox (badness 3919) in paragraph at lines 72--72
[]|\OT1/ppl/m/n/10 Bastien Pres-set, Bal-
 []


Underfull \hbox (badness 6641) in paragraph at lines 72--72
[]|\OT1/ppl/m/n/10 Study of smart-phone pe-
 []


Underfull \hbox (badness 2671) in paragraph at lines 72--72
\OT1/ppl/m/n/10 dome-ter and phys-i-cal one
 []


Underfull \hbox (badness 3895) in paragraph at lines 74--74
[]|\OT1/ppl/m/n/10 David R. Lubans a,
 []


Underfull \hbox (badness 10000) in paragraph at lines 74--74
\OT1/ppl/m/n/10 Philip J. Mor-gan,
 []


Underfull \hbox (badness 10000) in paragraph at lines 74--74
\OT1/ppl/m/n/10 Catrine Tudor-Locke
 []


Underfull \hbox (badness 1472) in paragraph at lines 74--74
\OT1/ppl/m/n/10 databases like phys-i-cal ac-tiv-i-
 []


Underfull \hbox (badness 3713) in paragraph at lines 74--75
\OT1/ppl/m/n/10 cess-fully to to pro-mote ac-tiv-ity
 []


Underfull \hbox (badness 10000) in paragraph at lines 76--76
\OT1/ppl/m/n/10 Lee, Byungmo Ku,
 []


Underfull \hbox (badness 7576) in paragraph at lines 76--76
\OT1/ppl/m/n/10 Hi-ro-fumi Tanaka in
 []


Underfull \hbox (badness 7814) in paragraph at lines 76--76
[]|\OT1/ppl/m/n/10 Newer pe-dome-ters vs older
 []


Underfull \hbox (badness 1424) in paragraph at lines 76--76
\OT1/ppl/m/n/10 ones placed at dif-fer-ent po-si-
 []


Underfull \hbox (badness 4001) in paragraph at lines 78--78
\OT1/ppl/m/n/10 mad Ather Iqbal in
 []


Underfull \hbox (badness 1460) in paragraph at lines 78--78
\OT1/ppl/m/n/10 and ML by 5 layer re-cur-rent
 []


Underfull \hbox (badness 10000) in paragraph at lines 78--78
[]|\OT1/ppl/m/n/10 Various mod-els en-abling
 []


Underfull \hbox (badness 2772) in paragraph at lines 78--78
\OT1/ppl/m/n/10 faster train-ing speeds and
 []


Underfull \hbox (badness 1412) in paragraph at lines 78--78
\OT1/ppl/m/n/10 lesser mem-ory us-age were
 []


Underfull \hbox (badness 5652) in paragraph at lines 80--80
[]|\OT1/ppl/m/n/10 Ervine Zheng, Gus-
 []


Underfull \hbox (badness 10000) in paragraph at lines 80--80
\OT1/ppl/m/n/10 tavo Yukio Kondo,
 []


Underfull \hbox (badness 4726) in paragraph at lines 80--80
\OT1/ppl/m/n/10 state-space model to cap-ture
 []


Underfull \hbox (badness 10000) in paragraph at lines 80--80
[]|\OT1/ppl/m/n/10 Collaborative fil-ter-ing al-go-
 []


Underfull \hbox (badness 7963) in paragraph at lines 80--80
\OT1/ppl/m/n/10 rithms may fail rec-om-mend
 []


Underfull \hbox (badness 1331) in paragraph at lines 80--81
[]|\OT1/ppl/m/n/10 A Gaus-sian state-space model is
 []


Underfull \hbox (badness 2617) in paragraph at lines 80--81
\OT1/ppl/m/n/10 of pref-er-ences of users, mak-ing
 []


Underfull \hbox (badness 10000) in paragraph at lines 82--82
\OT1/ppl/m/n/10 las Brunel, Thomas
 []


Underfull \hbox (badness 10000) in paragraph at lines 82--82
\OT1/ppl/m/n/10 Car-bil-let, Ade-line
 []


Underfull \hbox (badness 3240) in paragraph at lines 82--82
[]|\OT1/ppl/m/n/10 5 peo-ple were made to run
 []


Underfull \hbox (badness 10000) in paragraph at lines 82--82
[]|\OT1/ppl/m/n/10 Recreational run-ners can
 []


Underfull \hbox (badness 3439) in paragraph at lines 82--82
\OT1/ppl/m/n/10 ful con-sid-er-ing self paced
 []


Underfull \hbox (badness 1400) in paragraph at lines 82--83
[]|\OT1/ppl/m/n/10 Runners are able to con-trol and
 []


Underfull \hbox (badness 4859) in paragraph at lines 82--83
\OT1/ppl/m/n/10 main-tain sub-jec-tive ac-cel-er-a-tions
 []


Underfull \hbox (badness 10000) in paragraph at lines 84--84
[]|\OT1/ppl/m/n/10 V.H.Rodriguez,
 []


Underfull \hbox (badness 10000) in paragraph at lines 84--84
\OT1/ppl/m/n/10 C.Medrano, I.Plaza,
 []


Underfull \hbox (badness 10000) in paragraph at lines 84--84
\OT1/ppl/m/n/10 C.Corella, A.Abarca,
 []


Underfull \hbox (badness 3536) in paragraph at lines 84--84
\OT1/ppl/m/n/10 can pro-duce re-sults ob-tained
 []


Underfull \hbox (badness 1152) in paragraph at lines 84--84
[]|\OT1/ppl/m/n/10 Smartphones can thus ef-fi-
 []


Underfull \hbox (badness 3536) in paragraph at lines 84--84
\OT1/ppl/m/n/10 aware-ness an per-for-mance
 []


Underfull \hbox (badness 3690) in paragraph at lines 84--84
[]|\OT1/ppl/m/n/10 Walking and run-ning speeds
 []


Underfull \hbox (badness 1215) in paragraph at lines 84--85
[]|\OT1/ppl/m/n/10 Algorithm 4 of mea-sur-ing di-rect
 []


Underfull \hbox (badness 6032) in paragraph at lines 84--85
\OT1/ppl/m/n/10 area un-der ac-celerom-e-ter curve
 []


Underfull \hbox (badness 1067) in paragraph at lines 84--85
\OT1/ppl/m/n/10 gave the high-est ac-cu-racy (min-i-
 []


Underfull \hbox (badness 10000) in paragraph at lines 86--87
[]|\OT1/ppl/m/n/10 Michael W. Beets,
 []


Underfull \hbox (badness 10000) in paragraph at lines 86--87
\OT1/ppl/m/n/10 Daniel Born-stein,
 []


Underfull \hbox (badness 10000) in paragraph at lines 86--87
\OT1/ppl/m/n/10 Aaron Beighle,
 []


Underfull \hbox (badness 10000) in paragraph at lines 86--87
\OT1/ppl/m/n/10 Bradley J. Car-di-
 []


Underfull \hbox (badness 10000) in paragraph at lines 87--87
\OT1/ppl/m/n/10 phys-i-cal ac-tiv-ity pat-terns of
 []


Underfull \hbox (badness 5667) in paragraph at lines 87--87
\OT1/ppl/m/n/10 young users via pe-dome-ters
 []


Underfull \hbox (badness 1237) in paragraph at lines 87--87
\OT1/ppl/m/n/10 ac-count for dif-fer-ences in ob-
 []


Underfull \hbox (badness 1910) in paragraph at lines 87--88
\OT1/ppl/m/n/10 and ac-cu-rate mea-sures of youth
 []


Overfull \hbox (34.96606pt too wide) in paragraph at lines 67--90
 [][] 
 []

[2

]
Overfull \hbox (2.04352pt too wide) in paragraph at lines 100--100
[]|\OT1/ppl/m/n/10 No.| 
 []


Underfull \hbox (badness 10000) in paragraph at lines 103--103
\OT1/ppl/m/n/10 I. Kara-georghis,
 []


Underfull \hbox (badness 10000) in paragraph at lines 103--103
\OT1/ppl/m/n/10 Alessan-dra Mecozzi
 []


Underfull \hbox (badness 2359) in paragraph at lines 103--103
\OT1/ppl/m/n/10 Saha, Shaun DAu-ria
 []


Underfull \hbox (badness 1194) in paragraph at lines 103--103
[]|\OT1/ppl/m/n/10 Young recre-ational run-ners or
 []


Underfull \hbox (badness 4429) in paragraph at lines 105--105
\OT1/ppl/m/n/10 dor, N. Lavyan, K.
 []


Underfull \hbox (badness 3989) in paragraph at lines 105--105
[]|\OT1/ppl/m/n/10 Participants ran on tread-mill
 []


Underfull \hbox (badness 10000) in paragraph at lines 105--105
[]|\OT1/ppl/m/n/10 Participants were be-gin-
 []


Underfull \hbox (badness 4752) in paragraph at lines 105--105
\OT1/ppl/m/n/10 ners to mod-er-ate run-ners
 []


Underfull \hbox (badness 2042) in paragraph at lines 105--105
\OT1/ppl/m/n/10 of tar-get group) and hilly
 []


Underfull \hbox (badness 3579) in paragraph at lines 105--105
[]|\OT1/ppl/m/n/10 Heavy phys-i-cal ex-er-tion was
 []


Underfull \hbox (badness 1436) in paragraph at lines 105--105
\OT1/ppl/m/n/10 served; wrong type of mu-sic
 []


Underfull \hbox (badness 4341) in paragraph at lines 105--106
[]|\OT1/ppl/m/n/10 Right type (in-spi-ra-tional) mu-sic
 []


Underfull \hbox (badness 10000) in paragraph at lines 107--107
[]|\OT1/ppl/m/n/10 Cheng-Che Lu and
 []


Underfull \hbox (badness 4699) in paragraph at lines 107--107
\OT1/ppl/m/n/10 Vin-cent S. Tseng in
 []


Underfull \hbox (badness 10000) in paragraph at lines 107--107
[]|\OT1/ppl/m/n/10 Combines the content-based,
 []


Underfull \hbox (badness 10000) in paragraph at lines 107--107
\OT1/ppl/m/n/10 collaboration-based and
 []


Underfull \hbox (badness 2351) in paragraph at lines 107--107
[]|\OT1/ppl/m/n/10 Constructed a sys-tem that
 []


Underfull \hbox (badness 1946) in paragraph at lines 107--107
\OT1/ppl/m/n/10 can rec-om-mend the mu-sic
 []


Underfull \hbox (badness 1796) in paragraph at lines 107--107
\OT1/ppl/m/n/10 to users af-ter min-ing logs
 []


Underfull \hbox (badness 1348) in paragraph at lines 107--107
\OT1/ppl/m/n/10 of user on mu-sic lis-ten-ing
 []


Underfull \hbox (badness 2608) in paragraph at lines 108--109
[]|\OT1/ppl/m/n/10 Users may be not in-ter-ested in
 []


Underfull \hbox (badness 2134) in paragraph at lines 110--110
[]|\OT1/ppl/m/n/10 Only spe-cific com-bi-na-tions
 []


Underfull \hbox (badness 7907) in paragraph at lines 110--110
\OT1/ppl/m/n/10 showed a good ac-cu-racy
 []


Underfull \hbox (badness 3364) in paragraph at lines 110--110
\OT1/ppl/m/n/10 with rea-son-able low stan-
 []


Underfull \hbox (badness 1418) in paragraph at lines 110--110
\OT1/ppl/m/n/10 the tech-nol-ogy might be out-
 []


Underfull \hbox (badness 6220) in paragraph at lines 112--112
[]|\OT1/ppl/m/n/10 Vanda Ho a , Re-
 []


Underfull \hbox (badness 1558) in paragraph at lines 112--112
\OT1/ppl/m/n/10 becca K. Sim-mons b
 []


Underfull \hbox (badness 10000) in paragraph at lines 112--112
[]|\OT1/ppl/m/n/10 Measure phys-i-cal ac-tiv-ity
 []


Underfull \hbox (badness 10000) in paragraph at lines 112--112
\OT1/ppl/m/n/10 among ado-les-cents in-de-pen-
 []


Underfull \hbox (badness 3333) in paragraph at lines 112--112
[]|\OT1/ppl/m/n/10 Covered a wide range of
 []


Underfull \hbox (badness 2790) in paragraph at lines 112--112
\OT1/ppl/m/n/10 riod (4 days) and the study
 []


Underfull \hbox (badness 1102) in paragraph at lines 112--113
[]|\OT1/ppl/m/n/10 A lot of fac-tors were taken into
 []


Underfull \hbox (badness 1383) in paragraph at lines 114--114
\OT1/ppl/m/n/10 on in-clines and its ef-fects on
 []


Underfull \hbox (badness 1019) in paragraph at lines 114--114
\OT1/ppl/m/n/10 were used and con-sis-tency
 []


Overfull \hbox (34.96606pt too wide) in paragraph at lines 98--117
 [][] 
 []

[3


]
LaTeX Font Info:    Try loading font information for OMS+ppl on input line 126.


("C:\Users\Dhruv\AppData\Local\Programs\MiKTeX 2.9\tex/latex/psnfss\omsppl.fd"
File: omsppl.fd 
)
LaTeX Font Info:    Font shape `OMS/ppl/m/n' in size <10> not available
(Font)              Font shape `OMS/cmsy/m/n' tried instead on input line 126.
<./dataflow.jpg, id=46, 525.162pt x 340.8735pt>
File: ./dataflow.jpg Graphic file (type jpg)
<use ./dataflow.jpg>
Package pdftex.def Info: ./dataflow.jpg  used on input line 148.
(pdftex.def)             Requested size: 367.6109pt x 238.6098pt.
[4

 <./dataflow.jpg>]
LaTeX Font Info:    Try loading font information for OT1+pcr on input line 162.


("C:\Users\Dhruv\AppData\Local\Programs\MiKTeX 2.9\tex/latex/psnfss\ot1pcr.fd"
File: ot1pcr.fd 2001/06/04 font definitions for OT1/pcr.
)
Underfull \hbox (badness 1715) in paragraph at lines 164--166
\OT1/pcr/m/n/10 https://www.sciencedirect.com/science/article/pii/S009174350900
111X\OT1/ppl/m/n/10 , a study of elec-
 []


Underfull \hbox (badness 2035) in paragraph at lines 172--174
\OT1/pcr/m/n/10 https://www.sciencedirect.com/science/article/pii/S095741741830
2446\OT1/ppl/m/n/10 ,using lin-ear al-ge-
 []


Underfull \hbox (badness 10000) in paragraph at lines 178--180
\OT1/pcr/m/n/10 https://www.sciencedirect.com/science/article/abs/pii/S19590318
18300046\OT1/ppl/m/n/10 , four al-go-
 []


Underfull \hbox (badness 2478) in paragraph at lines 182--184
\OT1/pcr/m/n/10 https://www.sciencedirect.com/science/article/pii/S074937970900
7727\OT1/ppl/m/n/10 , phys-i-cal ac-tiv-ity
 []


Underfull \hbox (badness 5064) in paragraph at lines 191--193
\OT1/pcr/m/n/10 https://www.sciencedirect.com/science/article/pii/S095741740900
0591\OT1/ppl/m/n/10 , rec-om-men-da-tion
 []


Underfull \hbox (badness 10000) in paragraph at lines 197--199
\OT1/pcr/m/n/10 https://www.sciencedirect.com/science/article/pii/S009174351300
0285\OT1/ppl/m/n/10 ,confirming
 []

[5]
Underfull \hbox (badness 4036) in paragraph at lines 200--202
\OT1/pcr/m/n/10 https://www.sciencedirect.com/science/article/pii/S144024400800
008X\OT1/ppl/m/n/10 , ac-cu-racy of pe-
 []


LaTeX Warning: Empty bibliography on input line 206.

Package atveryend Info: Empty hook `BeforeClearDocument' on input line 208.
[6]
Package atveryend Info: Empty hook `AfterLastShipout' on input line 208.
 (Synopsis.aux)
Package atveryend Info: Executing hook `AtVeryEndDocument' on input line 208.
Package atveryend Info: Executing hook `AtEndAfterFileList' on input line 208.


Package rerunfilecheck Warning: File `Synopsis.out' has changed.
(rerunfilecheck)                Rerun to get outlines right
(rerunfilecheck)                or use package `bookmark'.

Package rerunfilecheck Info: Checksums for `Synopsis.out':
(rerunfilecheck)             Before: 0AF3EBE0C0C20292905DA5FBD5F17000;335
(rerunfilecheck)             After:  D8D31DC63570D59D1CB9C1A4F6DACB33;289.

LaTeX Warning: There were undefined references.


LaTeX Warning: Label(s) may have changed. Rerun to get cross-references right.


Package biblatex Warning: Please (re)run Biber on the file:
(biblatex)                Synopsis
(biblatex)                and rerun LaTeX afterwards.

Package logreq Info: Writing requests to 'Synopsis.run.xml'.
\openout1 = `Synopsis.run.xml'.

Package atveryend Info: Empty hook `AtVeryVeryEnd' on input line 208.
 ) 
Here is how much of TeX's memory you used:
 22035 strings out of 492946
 403837 string characters out of 3126266
 917515 words of memory out of 3000000
 25762 multiletter control sequences out of 15000+200000
 543391 words of font info for 50 fonts, out of 3000000 for 9000
 1141 hyphenation exceptions out of 8191
 40i,8n,63p,1155b,1116s stack positions out of 5000i,500n,10000p,200000b,50000s
pdfTeX warning (dest): name{section.7} has been referenced but does not exist
, replaced by a fixed one

{C:/Users/Dhruv/AppData/Local/Programs/MiKTeX 2.9/fonts/enc/dvips/base/8r.enc}<
C:/Users/Dhruv/AppData/Local/Programs/MiKTeX 2.9/fonts/type1/public/amsfonts/cm
/cmsy10.pfb><C:/Users/Dhruv/AppData/Local/Programs/MiKTeX 2.9/fonts/type1/urw/c
ourier/ucrr8a.pfb><C:/Users/Dhruv/AppData/Local/Programs/MiKTeX 2.9/fonts/type1
/urw/palatino/uplb8a.pfb><C:/Users/Dhruv/AppData/Local/Programs/MiKTeX 2.9/font
s/type1/urw/palatino/uplr8a.pfb>
Output written on Synopsis.pdf (6 pages, 144544 bytes).
PDF statistics:
 99 PDF objects out of 1000 (max. 8388607)
 30 named destinations out of 1000 (max. 500000)
 62 words of extra memory for PDF output out of 10000 (max. 10000000)

